Build started 11/12/2011 11:50:14 AM.
     1>Project "C:\Users\Tom\documents\visual studio 2010\Projects\Starcraft2GameStateReader\Starcraft2GameStateReader\Starcraft2GameStateReader.vcxproj" on node 2 (build target(s)).
     1>InitializeBuildStatus:
         Creating "Debug\Starcraft2GameStateReader.unsuccessfulbuild" because "AlwaysCreate" was specified.
       ClCompile:
         All outputs are up-to-date.
         C:\Program Files (x86)\Microsoft Visual Studio 10.0\VC\bin\CL.exe /c /ZI /nologo /W3 /WX- /Od /Oy- /D WIN32 /D _DEBUG /D _CONSOLE /D _UNICODE /D UNICODE /Gm /EHsc /RTC1 /MDd /GS /fp:precise /Zc:wchar_t /Zc:forScope /Yu"StdAfx.h" /Fp"Debug\Starcraft2GameStateReader.pch" /Fo"Debug\\" /Fd"Debug\vc100.pdb" /Gd /TP /analyze- /errorReport:prompt GameState.cpp Starcraft2GameStateReader.cpp
         Starcraft2GameStateReader.cpp
         GameState.cpp
         Generating Code...
     1>c:\users\tom\documents\visual studio 2010\projects\starcraft2gamestatereader\starcraft2gamestatereader\starcraft2gamestatereader.cpp(33): warning C4700: uninitialized local variable 'myplayer' used
       ManifestResourceCompile:
         All outputs are up-to-date.
       Link:
         C:\Program Files (x86)\Microsoft Visual Studio 10.0\VC\bin\link.exe /ERRORREPORT:PROMPT /OUT:"C:\Users\Tom\documents\visual studio 2010\Projects\Starcraft2GameStateReader\Debug\Starcraft2GameStateReader.exe" /INCREMENTAL /NOLOGO kernel32.lib user32.lib gdi32.lib winspool.lib comdlg32.lib advapi32.lib shell32.lib ole32.lib oleaut32.lib uuid.lib odbc32.lib odbccp32.lib /MANIFEST /ManifestFile:"Debug\Starcraft2GameStateReader.exe.intermediate.manifest" /MANIFESTUAC:"level='asInvoker' uiAccess='false'" /DEBUG /PDB:"C:\Users\Tom\documents\visual studio 2010\Projects\Starcraft2GameStateReader\Debug\Starcraft2GameStateReader.pdb" /SUBSYSTEM:CONSOLE /TLBID:1 /DYNAMICBASE /NXCOMPAT /IMPLIB:"C:\Users\Tom\documents\visual studio 2010\Projects\Starcraft2GameStateReader\Debug\Starcraft2GameStateReader.lib" /MACHINE:X86 Debug\Starcraft2GameStateReader.exe.embed.manifest.res
         Debug\GameState.obj
         Debug\Starcraft2GameStateReader.obj
         Debug\stdafx.obj
       Manifest:
         C:\Program Files (x86)\Microsoft SDKs\Windows\v7.0A\bin\mt.exe /nologo /verbose /out:"Debug\Starcraft2GameStateReader.exe.embed.manifest" /manifest Debug\Starcraft2GameStateReader.exe.intermediate.manifest
         All outputs are up-to-date.
       LinkEmbedManifest:
         All outputs are up-to-date.
         Starcraft2GameStateReader.vcxproj -> C:\Users\Tom\documents\visual studio 2010\Projects\Starcraft2GameStateReader\Debug\Starcraft2GameStateReader.exe
       FinalizeBuildStatus:
         Deleting file "Debug\Starcraft2GameStateReader.unsuccessfulbuild".
         Touching "Debug\Starcraft2GameStateReader.lastbuildstate".
     1>Done Building Project "C:\Users\Tom\documents\visual studio 2010\Projects\Starcraft2GameStateReader\Starcraft2GameStateReader\Starcraft2GameStateReader.vcxproj" (build target(s)).

Build succeeded.

Time Elapsed 00:00:00.70
